<?xml version="1.0" encoding="UTF-8"?>
<!-- Generated by org.testng.reporters.JUnitReportReporter -->
<testsuite hostname="SHIVRON-LAPTOP" failures="0" tests="1" name="com.main.AppTest" time="0.002" errors="0" timestamp="24 May 2020 16:16:58 GMT">
  <testcase classname="com.main.AppTest" name="shouldAnswerWithTrue" time="0.002"/>
</testsuite> <!-- com.main.AppTest -->
