<?xml version="1.0" encoding="UTF-8"?>
<!-- Generated by org.testng.reporters.JUnitReportReporter -->
<testsuite hostname="SHIVRON-LAPTOP" failures="0" tests="7" name="com.main.FirefoxTest" time="26.676" errors="0" timestamp="16 Jun 2020 18:37:34 GMT">
  <testcase classname="com.main.FirefoxTest" name="AutoSuggesstions" time="4.857"/>
  <testcase classname="com.main.FirefoxTest" name="paramTest" time="1.925"/>
  <testcase classname="com.main.FirefoxTest" name="CheckBox" time="2.541"/>
  <testcase classname="com.main.FirefoxTest" name="AlertCheck" time="9.148"/>
  <testcase classname="com.main.FirefoxTest" name="CheckBox" time="2.640"/>
  <testcase classname="com.main.FirefoxTest" name="AlertCheck" time="2.730"/>
  <testcase classname="com.main.FirefoxTest" name="CheckBox" time="2.835"/>
</testsuite> <!-- com.main.FirefoxTest -->
