<?xml version="1.0" encoding="UTF-8"?>
<!-- Generated by org.testng.reporters.JUnitReportReporter -->
<testsuite hostname="SHIVRON-LAPTOP" failures="0" tests="1" name="com.main.App" time="0.002" errors="0" timestamp="3 Jun 2020 16:14:37 GMT">
  <testcase classname="com.main.App" name="shouldAnswerWithTrue" time="0.002"/>
</testsuite> <!-- com.main.App -->
