<?xml version="1.0" encoding="UTF-8"?>
<!-- Generated by org.testng.reporters.JUnitReportReporter -->
<testsuite hostname="SHIVRON-LAPTOP" failures="0" tests="7" name="com.main.Test123" time="17.805" errors="0" timestamp="3 Jun 2020 16:14:37 GMT">
  <testcase classname="com.main.Test123" name="CheckBox" time="1.689"/>
  <testcase classname="com.main.Test123" name="AlertCheck" time="5.759"/>
  <testcase classname="com.main.Test123" name="CheckBox" time="1.554"/>
  <testcase classname="com.main.Test123" name="paramTest" time="1.189"/>
  <testcase classname="com.main.Test123" name="AlertCheck" time="1.747"/>
  <testcase classname="com.main.Test123" name="CheckBox" time="1.782"/>
  <testcase classname="com.main.Test123" name="AutoSuggesstions" time="4.085"/>
</testsuite> <!-- com.main.Test123 -->
